<?xml version="1.0" encoding="UTF-8"?>
<!-- Generated by org.testng.reporters.JUnitXMLReporter -->
<testsuite ignored="0" hostname="MJANGID-M-KH52" failures="1" tests="3" name="Error Validations Test" time="24.429" errors="0" timestamp="2023-09-19T15:04:22 IST">
  <testcase classname="cisco.tests.ErrorValidationsTest" name="loginErrorValidation" time="0.938">
    <skipped/>
  </testcase> <!-- loginErrorValidation -->
  <testcase classname="cisco.tests.ErrorValidationsTest" name="loginErrorValidation" time="0.919">
    <failure type="java.lang.AssertionError" message="expected [Incorrect email or password.] but found [Incorrect email r password.]">
      <![CDATA[java.lang.AssertionError: expected [Incorrect email or password.] but found [Incorrect email r password.]
at cisco.tests.ErrorValidationsTest.loginErrorValidation(ErrorValidationsTest.java:40)
at java.base/java.util.ArrayList.forEach(ArrayList.java:1511)
at java.base/java.util.concurrent.FutureTask.run(FutureTask.java:264)
at java.base/java.util.concurrent.ThreadPoolExecutor.runWorker(ThreadPoolExecutor.java:1136)
at java.base/java.util.concurrent.ThreadPoolExecutor$Worker.run(ThreadPoolExecutor.java:635)
at java.base/java.lang.Thread.run(Thread.java:833)
... Removed 23 stack frames]]>
    </failure>
  </testcase> <!-- loginErrorValidation -->
  <testcase classname="cisco.tests.ErrorValidationsTest" name="productErrorValidation" time="3.377"/>
</testsuite> <!-- Error Validations Test -->
